e:\programming\castlecrashersremaster\asi modding\ilvonburzaasimodding\customsave\release\vc143.pdb
e:\programming\castlecrashersremaster\asi modding\ilvonburzaasimodding\customsave\release\stdafx.obj
e:\programming\castlecrashersremaster\asi modding\ilvonburzaasimodding\customsave\release\save_manager.obj
e:\programming\castlecrashersremaster\asi modding\ilvonburzaasimodding\customsave\release\logger.obj
e:\programming\castlecrashersremaster\asi modding\ilvonburzaasimodding\customsave\release\dllmain.obj
e:\programming\castlecrashersremaster\asi modding\ilvonburzaasimodding\customsave\release\swf_interface.obj
e:\programming\castlecrashersremaster\asi modding\ilvonburzaasimodding\customsave\release\storage_hooks.obj
e:\programming\castlecrashersremaster\asi modding\ilvonburzaasimodding\release\customsave.asi
e:\programming\castlecrashersremaster\asi modding\ilvonburzaasimodding\release\customsave.pdb
e:\programming\castlecrashersremaster\asi modding\ilvonburzaasimodding\release\customsave.lib
e:\programming\castlecrashersremaster\asi modding\ilvonburzaasimodding\release\customsave.exp
e:\programming\castlecrashersremaster\asi modding\ilvonburzaasimodding\customsave\release\customsave.ipdb
e:\programming\castlecrashersremaster\asi modding\ilvonburzaasimodding\customsave\release\customsave.iobj
e:\programming\castlecrashersremaster\asi modding\ilvonburzaasimodding\customsave\release\swf_connection.obj
e:\programming\castlecrashersremaster\asi modding\ilvonburzaasimodding\customsave\release\customsave.tlog\cl.command.1.tlog
e:\programming\castlecrashersremaster\asi modding\ilvonburzaasimodding\customsave\release\customsave.tlog\cl.items.tlog
e:\programming\castlecrashersremaster\asi modding\ilvonburzaasimodding\customsave\release\customsave.tlog\cl.read.1.tlog
e:\programming\castlecrashersremaster\asi modding\ilvonburzaasimodding\customsave\release\customsave.tlog\cl.write.1.tlog
e:\programming\castlecrashersremaster\asi modding\ilvonburzaasimodding\customsave\release\customsave.tlog\link.command.1.tlog
e:\programming\castlecrashersremaster\asi modding\ilvonburzaasimodding\customsave\release\customsave.tlog\link.read.1.tlog
e:\programming\castlecrashersremaster\asi modding\ilvonburzaasimodding\customsave\release\customsave.tlog\link.secondary.1.tlog
e:\programming\castlecrashersremaster\asi modding\ilvonburzaasimodding\customsave\release\customsave.tlog\link.write.1.tlog
